TN:
SF:babel.config.js
FNF:0
FNH:0
DA:1,0
LF:1
LH:0
BRF:0
BRH:0
end_of_record
TN:
SF:browser-test.js
FN:15,startServer
FN:16,(anonymous_1)
FN:33,(anonymous_2)
FN:34,(anonymous_3)
FN:41,(anonymous_4)
FN:46,(anonymous_5)
FN:62,runBrowserTest
FN:77,(anonymous_7)
FN:89,(anonymous_8)
FN:93,(anonymous_9)
FN:102,(anonymous_10)
FN:109,(anonymous_11)
FN:118,(anonymous_12)
FN:149,(anonymous_13)
FN:152,(anonymous_14)
FN:157,(anonymous_15)
FN:167,(anonymous_16)
FN:172,(anonymous_17)
FN:229,(anonymous_18)
FN:232,(anonymous_19)
FN:243,(anonymous_20)
FN:253,(anonymous_21)
FNF:22
FNH:0
FNDA:0,startServer
FNDA:0,(anonymous_1)
FNDA:0,(anonymous_2)
FNDA:0,(anonymous_3)
FNDA:0,(anonymous_4)
FNDA:0,(anonymous_5)
FNDA:0,runBrowserTest
FNDA:0,(anonymous_7)
FNDA:0,(anonymous_8)
FNDA:0,(anonymous_9)
FNDA:0,(anonymous_10)
FNDA:0,(anonymous_11)
FNDA:0,(anonymous_12)
FNDA:0,(anonymous_13)
FNDA:0,(anonymous_14)
FNDA:0,(anonymous_15)
FNDA:0,(anonymous_16)
FNDA:0,(anonymous_17)
FNDA:0,(anonymous_18)
FNDA:0,(anonymous_19)
FNDA:0,(anonymous_20)
FNDA:0,(anonymous_21)
DA:1,0
DA:2,0
DA:3,0
DA:4,0
DA:5,0
DA:7,0
DA:8,0
DA:9,0
DA:16,0
DA:18,0
DA:19,0
DA:24,0
DA:25,0
DA:31,0
DA:32,0
DA:33,0
DA:34,0
DA:35,0
DA:36,0
DA:37,0
DA:39,0
DA:42,0
DA:46,0
DA:47,0
DA:48,0
DA:49,0
DA:50,0
DA:52,0
DA:53,0
DA:57,0
DA:64,0
DA:66,0
DA:69,0
DA:70,0
DA:74,0
DA:77,0
DA:78,0
DA:79,0
DA:80,0
DA:81,0
DA:82,0
DA:83,0
DA:85,0
DA:89,0
DA:90,0
DA:93,0
DA:94,0
DA:98,0
DA:101,0
DA:102,0
DA:103,0
DA:104,0
DA:105,0
DA:109,0
DA:110,0
DA:111,0
DA:112,0
DA:113,0
DA:118,0
DA:119,0
DA:120,0
DA:121,0
DA:125,0
DA:130,0
DA:131,0
DA:135,0
DA:136,0
DA:140,0
DA:141,0
DA:142,0
DA:146,0
DA:149,0
DA:150,0
DA:153,0
DA:157,0
DA:161,0
DA:162,0
DA:166,0
DA:167,0
DA:168,0
DA:170,0
DA:172,0
DA:174,0
DA:175,0
DA:179,0
DA:180,0
DA:181,0
DA:185,0
DA:186,0
DA:187,0
DA:190,0
DA:191,0
DA:194,0
DA:203,0
DA:205,0
DA:217,0
DA:221,0
DA:222,0
DA:225,0
DA:226,0
DA:229,0
DA:232,0
DA:233,0
DA:236,0
DA:237,0
DA:240,0
DA:243,0
DA:244,0
DA:245,0
DA:247,0
DA:248,0
DA:252,0
DA:253,0
DA:255,0
DA:267,0
DA:270,0
DA:271,0
DA:272,0
DA:274,0
DA:275,0
DA:276,0
DA:279,0
DA:280,0
DA:281,0
DA:282,0
DA:284,0
DA:285,0
DA:289,0
DA:290,0
DA:292,0
DA:293,0
DA:295,0
DA:296,0
DA:302,0
LF:134
LH:0
BRDA:35,0,0,0
BRDA:35,0,1,0
BRDA:48,1,0,0
BRDA:48,1,1,0
BRDA:52,2,0,0
BRDA:52,2,1,0
BRDA:80,3,0,0
BRDA:80,3,1,0
BRDA:82,4,0,0
BRDA:82,4,1,0
BRDA:110,5,0,0
BRDA:110,5,1,0
BRDA:130,6,0,0
BRDA:130,6,1,0
BRDA:135,7,0,0
BRDA:135,7,1,0
BRDA:155,8,0,0
BRDA:155,8,1,0
BRDA:170,9,0,0
BRDA:170,9,1,0
BRDA:174,10,0,0
BRDA:174,10,1,0
BRDA:180,11,0,0
BRDA:180,11,1,0
BRDA:221,12,0,0
BRDA:221,12,1,0
BRDA:233,13,0,0
BRDA:233,13,1,0
BRDA:236,14,0,0
BRDA:236,14,1,0
BRDA:245,15,0,0
BRDA:245,15,1,0
BRDA:279,16,0,0
BRDA:279,16,1,0
BRDA:292,17,0,0
BRDA:292,17,1,0
BRDA:295,18,0,0
BRDA:295,18,1,0
BRF:38
BRH:0
end_of_record
TN:
SF:config.js
FN:49,seededRandomGenerator
FN:51,(anonymous_1)
FNF:2
FNH:0
FNDA:0,seededRandomGenerator
FNDA:0,(anonymous_1)
DA:5,0
DA:50,0
DA:51,0
DA:52,0
DA:53,0
DA:59,0
LF:6
LH:0
BRF:0
BRH:0
end_of_record
TN:
SF:fix-imports.js
FN:4,fixImportsInFile
FN:24,processDirectory
FNF:2
FNH:0
FNDA:0,fixImportsInFile
FNDA:0,processDirectory
DA:1,0
DA:2,0
DA:5,0
DA:6,0
DA:7,0
DA:10,0
DA:15,0
DA:16,0
DA:17,0
DA:20,0
DA:25,0
DA:27,0
DA:28,0
DA:30,0
DA:31,0
DA:32,0
DA:33,0
DA:39,0
DA:40,0
DA:41,0
DA:42,0
DA:43,0
DA:45,0
DA:46,0
LF:24
LH:0
BRDA:15,0,0,0
BRDA:15,0,1,0
BRDA:30,1,0,0
BRDA:30,1,1,0
BRDA:32,2,0,0
BRDA:32,2,1,0
BRDA:40,3,0,0
BRDA:40,3,1,0
BRF:8
BRH:0
end_of_record
TN:
SF:jest.config.js
FNF:0
FNH:0
DA:2,0
LF:1
LH:0
BRF:0
BRH:0
end_of_record
TN:
SF:main.js
FN:9,initGame
FN:19,(anonymous_1)
FNF:2
FNH:0
FNDA:0,initGame
FNDA:0,(anonymous_1)
DA:7,0
DA:10,0
DA:12,0
DA:13,0
DA:15,0
DA:16,0
DA:19,0
DA:21,0
DA:22,0
DA:23,0
DA:27,0
LF:11
LH:0
BRDA:9,0,0,0
BRDA:10,1,0,0
BRDA:10,1,1,0
BRDA:22,2,0,0
BRDA:22,2,1,0
BRF:5
BRH:0
end_of_record
TN:
SF:node.js
FN:6,(anonymous_0)
FN:26,(anonymous_1)
FN:46,(anonymous_2)
FN:48,(anonymous_3)
FN:55,(anonymous_4)
FN:58,(anonymous_5)
FN:70,(anonymous_6)
FN:94,(anonymous_7)
FN:101,(anonymous_8)
FN:104,(anonymous_9)
FN:105,(anonymous_10)
FNF:11
FNH:0
FNDA:0,(anonymous_0)
FNDA:0,(anonymous_1)
FNDA:0,(anonymous_2)
FNDA:0,(anonymous_3)
FNDA:0,(anonymous_4)
FNDA:0,(anonymous_5)
FNDA:0,(anonymous_6)
FNDA:0,(anonymous_7)
FNDA:0,(anonymous_8)
FNDA:0,(anonymous_9)
FNDA:0,(anonymous_10)
DA:7,0
DA:8,0
DA:9,0
DA:10,0
DA:11,0
DA:13,0
DA:14,0
DA:20,0
DA:21,0
DA:23,0
DA:27,0
DA:28,0
DA:29,0
DA:30,0
DA:31,0
DA:34,0
DA:35,0
DA:36,0
DA:37,0
DA:38,0
DA:41,0
DA:42,0
DA:47,0
DA:49,0
DA:56,0
DA:58,0
DA:61,0
DA:62,0
DA:63,0
DA:65,0
DA:66,0
DA:67,0
DA:68,0
DA:70,0
DA:71,0
DA:72,0
DA:76,0
DA:77,0
DA:78,0
DA:83,0
DA:84,0
DA:85,0
DA:86,0
DA:89,0
DA:90,0
DA:95,0
DA:96,0
DA:97,0
DA:102,0
DA:103,0
DA:104,0
DA:106,0
DA:107,0
DA:108,0
DA:109,0
DA:110,0
DA:111,0
LF:57
LH:0
BRDA:6,0,0,0
BRDA:13,1,0,0
BRDA:13,1,1,0
BRDA:15,2,0,0
BRDA:15,2,1,0
BRDA:17,3,0,0
BRDA:17,3,1,0
BRDA:23,4,0,0
BRDA:23,4,1,0
BRDA:71,5,0,0
BRDA:71,5,1,0
BRDA:76,6,0,0
BRDA:76,6,1,0
BRDA:83,7,0,0
BRDA:83,7,1,0
BRF:15
BRH:0
end_of_record
TN:
SF:smoke-test.js
FN:26,checkDistDirectory
FN:34,(anonymous_1)
FN:48,checkServer
FN:51,(anonymous_3)
FN:52,(anonymous_4)
FN:61,(anonymous_5)
FN:65,(anonymous_6)
FN:73,checkUrl
FN:74,(anonymous_8)
FN:75,(anonymous_9)
FN:85,(anonymous_10)
FN:93,checkModuleExports
FN:117,(anonymous_12)
FN:130,isPortInUse
FN:133,(anonymous_14)
FN:135,(anonymous_15)
FN:136,(anonymous_16)
FN:148,killProcessOnPort
FN:159,(anonymous_18)
FN:189,(anonymous_19)
FN:198,runSmokeTest
FN:237,(anonymous_21)
FNF:22
FNH:0
FNDA:0,checkDistDirectory
FNDA:0,(anonymous_1)
FNDA:0,checkServer
FNDA:0,(anonymous_3)
FNDA:0,(anonymous_4)
FNDA:0,(anonymous_5)
FNDA:0,(anonymous_6)
FNDA:0,checkUrl
FNDA:0,(anonymous_8)
FNDA:0,(anonymous_9)
FNDA:0,(anonymous_10)
FNDA:0,checkModuleExports
FNDA:0,(anonymous_12)
FNDA:0,isPortInUse
FNDA:0,(anonymous_14)
FNDA:0,(anonymous_15)
FNDA:0,(anonymous_16)
FNDA:0,killProcessOnPort
FNDA:0,(anonymous_18)
FNDA:0,(anonymous_19)
FNDA:0,runSmokeTest
FNDA:0,(anonymous_21)
DA:1,0
DA:2,0
DA:3,0
DA:4,0
DA:5,0
DA:6,0
DA:7,0
DA:8,0
DA:10,0
DA:11,0
DA:12,0
DA:15,0
DA:27,0
DA:28,0
DA:30,0
DA:31,0
DA:34,0
DA:35,0
DA:38,0
DA:39,0
DA:41,0
DA:44,0
DA:49,0
DA:51,0
DA:52,0
DA:53,0
DA:54,0
DA:55,0
DA:57,0
DA:61,0
DA:62,0
DA:65,0
DA:66,0
DA:67,0
DA:74,0
DA:75,0
DA:76,0
DA:77,0
DA:78,0
DA:80,0
DA:81,0
DA:85,0
DA:86,0
DA:87,0
DA:94,0
DA:95,0
DA:96,0
DA:99,0
DA:100,0
DA:101,0
DA:105,0
DA:108,0
DA:109,0
DA:110,0
DA:111,0
DA:115,0
DA:116,0
DA:117,0
DA:118,0
DA:121,0
DA:122,0
DA:124,0
DA:125,0
DA:131,0
DA:133,0
DA:134,0
DA:135,0
DA:137,0
DA:138,0
DA:143,0
DA:149,0
DA:150,0
DA:153,0
DA:155,0
DA:156,0
DA:157,0
DA:159,0
DA:160,0
DA:161,0
DA:162,0
DA:166,0
DA:167,0
DA:168,0
DA:169,0
DA:170,0
DA:172,0
DA:178,0
DA:180,0
DA:182,0
DA:183,0
DA:189,0
DA:190,0
DA:192,0
DA:193,0
DA:201,0
DA:203,0
DA:206,0
DA:207,0
DA:208,0
DA:211,0
DA:212,0
DA:214,0
DA:218,0
DA:219,0
DA:225,0
DA:226,0
DA:227,0
DA:229,0
DA:230,0
DA:231,0
DA:232,0
DA:234,0
DA:235,0
DA:236,0
DA:237,0
DA:242,0
DA:245,0
DA:246,0
DA:247,0
DA:248,0
DA:249,0
DA:250,0
DA:251,0
DA:252,0
DA:255,0
DA:256,0
DA:263,0
DA:264,0
DA:265,0
DA:266,0
DA:267,0
DA:271,0
DA:272,0
DA:275,0
DA:276,0
DA:277,0
DA:283,0
DA:284,0
DA:287,0
DA:288,0
DA:291,0
DA:296,0
LF:142
LH:0
BRDA:30,0,0,0
BRDA:30,0,1,0
BRDA:38,1,0,0
BRDA:38,1,1,0
BRDA:53,2,0,0
BRDA:53,2,1,0
BRDA:76,3,0,0
BRDA:76,3,1,0
BRDA:99,4,0,0
BRDA:99,4,1,0
BRDA:110,5,0,0
BRDA:110,5,1,0
BRDA:110,6,0,0
BRDA:110,6,1,0
BRDA:110,7,0,0
BRDA:110,7,1,0
BRDA:115,8,0,0
BRDA:115,8,1,0
BRDA:153,9,0,0
BRDA:153,9,1,0
BRDA:161,10,0,0
BRDA:161,10,1,0
BRDA:166,11,0,0
BRDA:166,11,1,0
BRDA:182,12,0,0
BRDA:182,12,1,0
BRDA:206,13,0,0
BRDA:206,13,1,0
BRDA:211,14,0,0
BRDA:211,14,1,0
BRDA:229,15,0,0
BRDA:229,15,1,0
BRDA:235,16,0,0
BRDA:235,16,1,0
BRDA:266,17,0,0
BRDA:266,17,1,0
BRDA:271,18,0,0
BRDA:271,18,1,0
BRDA:287,19,0,0
BRDA:287,19,1,0
BRF:40
BRH:0
end_of_record
TN:
SF:test-config.js
FN:13,(anonymous_0)
FN:29,(anonymous_1)
FNF:2
FNH:0
FNDA:0,(anonymous_0)
FNDA:0,(anonymous_1)
DA:5,0
DA:6,0
DA:7,0
DA:8,0
DA:11,0
DA:12,0
DA:13,0
DA:14,0
DA:17,0
DA:18,0
DA:19,0
DA:22,0
DA:28,0
DA:29,0
DA:30,0
DA:31,0
DA:33,0
DA:34,0
DA:37,0
LF:19
LH:0
BRDA:30,0,0,0
BRDA:30,0,1,0
BRF:2
BRH:0
end_of_record
TN:
SF:drafts/config.js
FN:49,seededRandomGenerator
FN:51,(anonymous_1)
FNF:2
FNH:0
FNDA:0,seededRandomGenerator
FNDA:0,(anonymous_1)
DA:3,0
DA:50,0
DA:51,0
DA:52,0
DA:53,0
DA:58,0
LF:6
LH:0
BRF:0
BRH:0
end_of_record
TN:
SF:drafts/game.js
FN:8,(anonymous_0)
FN:40,(anonymous_1)
FN:46,(anonymous_2)
FN:70,(anonymous_3)
FN:77,(anonymous_4)
FN:98,(anonymous_5)
FN:113,(anonymous_6)
FN:132,(anonymous_7)
FN:145,(anonymous_8)
FN:172,(anonymous_9)
FN:173,(anonymous_10)
FN:190,(anonymous_11)
FN:194,(anonymous_12)
FN:200,(anonymous_13)
FN:202,(anonymous_14)
FN:209,(anonymous_15)
FN:218,(anonymous_16)
FN:237,(anonymous_17)
FN:243,(anonymous_18)
FN:246,(anonymous_19)
FN:251,(anonymous_20)
FN:256,(anonymous_21)
FN:259,(anonymous_22)
FN:262,(anonymous_23)
FN:269,(anonymous_24)
FN:293,(anonymous_25)
FN:305,(anonymous_26)
FN:313,(anonymous_27)
FN:317,(anonymous_28)
FN:324,(anonymous_29)
FN:328,(anonymous_30)
FN:335,(anonymous_31)
FN:336,(anonymous_32)
FN:339,(anonymous_33)
FN:345,(anonymous_34)
FN:349,(anonymous_35)
FN:351,(anonymous_36)
FN:359,(anonymous_37)
FN:361,(anonymous_38)
FN:366,(anonymous_39)
FN:372,(anonymous_40)
FN:374,(anonymous_41)
FN:375,(anonymous_42)
FN:380,(anonymous_43)
FN:381,(anonymous_44)
FN:418,(anonymous_45)
FN:429,(anonymous_46)
FN:447,(anonymous_47)
FN:450,(anonymous_48)
FN:466,(anonymous_49)
FN:468,(anonymous_50)
FN:482,(anonymous_51)
FN:492,(anonymous_52)
FN:512,(anonymous_53)
FN:515,(anonymous_54)
FN:520,(anonymous_55)
FN:529,(anonymous_56)
FN:553,(anonymous_57)
FN:554,(anonymous_58)
FN:556,(anonymous_59)
FN:568,(anonymous_60)
FNF:61
FNH:0
FNDA:0,(anonymous_0)
FNDA:0,(anonymous_1)
FNDA:0,(anonymous_2)
FNDA:0,(anonymous_3)
FNDA:0,(anonymous_4)
FNDA:0,(anonymous_5)
FNDA:0,(anonymous_6)
FNDA:0,(anonymous_7)
FNDA:0,(anonymous_8)
FNDA:0,(anonymous_9)
FNDA:0,(anonymous_10)
FNDA:0,(anonymous_11)
FNDA:0,(anonymous_12)
FNDA:0,(anonymous_13)
FNDA:0,(anonymous_14)
FNDA:0,(anonymous_15)
FNDA:0,(anonymous_16)
FNDA:0,(anonymous_17)
FNDA:0,(anonymous_18)
FNDA:0,(anonymous_19)
FNDA:0,(anonymous_20)
FNDA:0,(anonymous_21)
FNDA:0,(anonymous_22)
FNDA:0,(anonymous_23)
FNDA:0,(anonymous_24)
FNDA:0,(anonymous_25)
FNDA:0,(anonymous_26)
FNDA:0,(anonymous_27)
FNDA:0,(anonymous_28)
FNDA:0,(anonymous_29)
FNDA:0,(anonymous_30)
FNDA:0,(anonymous_31)
FNDA:0,(anonymous_32)
FNDA:0,(anonymous_33)
FNDA:0,(anonymous_34)
FNDA:0,(anonymous_35)
FNDA:0,(anonymous_36)
FNDA:0,(anonymous_37)
FNDA:0,(anonymous_38)
FNDA:0,(anonymous_39)
FNDA:0,(anonymous_40)
FNDA:0,(anonymous_41)
FNDA:0,(anonymous_42)
FNDA:0,(anonymous_43)
FNDA:0,(anonymous_44)
FNDA:0,(anonymous_45)
FNDA:0,(anonymous_46)
FNDA:0,(anonymous_47)
FNDA:0,(anonymous_48)
FNDA:0,(anonymous_49)
FNDA:0,(anonymous_50)
FNDA:0,(anonymous_51)
FNDA:0,(anonymous_52)
FNDA:0,(anonymous_53)
FNDA:0,(anonymous_54)
FNDA:0,(anonymous_55)
FNDA:0,(anonymous_56)
FNDA:0,(anonymous_57)
FNDA:0,(anonymous_58)
FNDA:0,(anonymous_59)
FNDA:0,(anonymous_60)
DA:9,0
DA:10,0
DA:12,0
DA:13,0
DA:14,0
DA:15,0
DA:16,0
DA:20,0
DA:21,0
DA:22,0
DA:23,0
DA:24,0
DA:25,0
DA:26,0
DA:27,0
DA:28,0
DA:29,0
DA:30,0
DA:31,0
DA:32,0
DA:33,0
DA:36,0
DA:37,0
DA:41,0
DA:42,0
DA:47,0
DA:48,0
DA:49,0
DA:50,0
DA:51,0
DA:53,0
DA:54,0
DA:55,0
DA:56,0
DA:58,0
DA:59,0
DA:60,0
DA:61,0
DA:64,0
DA:66,0
DA:67,0
DA:71,0
DA:72,0
DA:73,0
DA:78,0
DA:80,0
DA:81,0
DA:82,0
DA:83,0
DA:84,0
DA:87,0
DA:88,0
DA:91,0
DA:92,0
DA:95,0
DA:96,0
DA:97,0
DA:98,0
DA:106,0
DA:108,0
DA:109,0
DA:110,0
DA:114,0
DA:115,0
DA:116,0
DA:124,0
DA:125,0
DA:128,0
DA:129,0
DA:133,0
DA:137,0
DA:142,0
DA:146,0
DA:147,0
DA:148,0
DA:149,0
DA:151,0
DA:152,0
DA:153,0
DA:161,0
DA:162,0
DA:163,0
DA:164,0
DA:165,0
DA:167,0
DA:168,0
DA:173,0
DA:174,0
DA:175,0
DA:176,0
DA:177,0
DA:178,0
DA:179,0
DA:181,0
DA:182,0
DA:191,0
DA:195,0
DA:196,0
DA:197,0
DA:201,0
DA:203,0
DA:210,0
DA:211,0
DA:212,0
DA:213,0
DA:214,0
DA:215,0
DA:219,0
DA:220,0
DA:221,0
DA:222,0
DA:223,0
DA:224,0
DA:225,0
DA:226,0
DA:227,0
DA:228,0
DA:229,0
DA:231,0
DA:232,0
DA:233,0
DA:234,0
DA:238,0
DA:239,0
DA:240,0
DA:241,0
DA:243,0
DA:244,0
DA:246,0
DA:247,0
DA:249,0
DA:251,0
DA:254,0
DA:256,0
DA:259,0
DA:263,0
DA:264,0
DA:265,0
DA:266,0
DA:270,0
DA:271,0
DA:272,0
DA:273,0
DA:274,0
DA:275,0
DA:276,0
DA:277,0
DA:282,0
DA:283,0
DA:285,0
DA:286,0
DA:289,0
DA:290,0
DA:294,0
DA:297,0
DA:298,0
DA:300,0
DA:301,0
DA:306,0
DA:307,0
DA:308,0
DA:309,0
DA:310,0
DA:312,0
DA:313,0
DA:316,0
DA:317,0
DA:320,0
DA:325,0
DA:326,0
DA:327,0
DA:328,0
DA:329,0
DA:330,0
DA:336,0
DA:340,0
DA:341,0
DA:342,0
DA:343,0
DA:344,0
DA:345,0
DA:351,0
DA:352,0
DA:353,0
DA:360,0
DA:361,0
DA:362,0
DA:363,0
DA:364,0
DA:365,0
DA:366,0
DA:373,0
DA:374,0
DA:375,0
DA:376,0
DA:377,0
DA:381,0
DA:382,0
DA:383,0
DA:385,0
DA:386,0
DA:388,0
DA:394,0
DA:400,0
DA:401,0
DA:403,0
DA:404,0
DA:405,0
DA:406,0
DA:407,0
DA:408,0
DA:410,0
DA:411,0
DA:412,0
DA:413,0
DA:419,0
DA:422,0
DA:426,0
DA:429,0
DA:430,0
DA:431,0
DA:432,0
DA:437,0
DA:438,0
DA:439,0
DA:440,0
DA:448,0
DA:449,0
DA:450,0
DA:451,0
DA:452,0
DA:456,0
DA:457,0
DA:458,0
DA:462,0
DA:467,0
DA:468,0
DA:469,0
DA:483,0
DA:484,0
DA:485,0
DA:486,0
DA:487,0
DA:488,0
DA:493,0
DA:494,0
DA:496,0
DA:497,0
DA:498,0
DA:500,0
DA:510,0
DA:512,0
DA:513,0
DA:514,0
DA:515,0
DA:522,0
DA:526,0
DA:530,0
DA:531,0
DA:533,0
DA:534,0
DA:535,0
DA:536,0
DA:537,0
DA:541,0
DA:544,0
DA:545,0
DA:546,0
DA:547,0
DA:554,0
DA:555,0
DA:556,0
DA:559,0
DA:560,0
DA:561,0
DA:562,0
DA:563,0
DA:564,0
DA:569,0
DA:570,0
DA:571,0
DA:574,0
DA:577,0
DA:578,0
LF:284
LH:0
BRDA:8,0,0,0
BRDA:9,1,0,0
BRDA:9,1,1,0
BRDA:14,2,0,0
BRDA:14,2,1,0
BRDA:47,3,0,0
BRDA:47,3,1,0
BRDA:78,4,0,0
BRDA:78,4,1,0
BRDA:106,5,0,0
BRDA:106,5,1,0
BRDA:124,6,0,0
BRDA:124,6,1,0
BRDA:145,7,0,0
BRDA:155,8,0,0
BRDA:155,8,1,0
BRDA:155,8,2,0
BRDA:155,8,3,0
BRDA:161,9,0,0
BRDA:161,9,1,0
BRDA:164,10,0,0
BRDA:164,10,1,0
BRDA:174,11,0,0
BRDA:174,11,1,0
BRDA:174,12,0,0
BRDA:174,12,1,0
BRDA:183,13,0,0
BRDA:183,13,1,0
BRDA:212,14,0,0
BRDA:212,14,1,0
BRDA:215,15,0,0
BRDA:215,15,1,0
BRDA:215,15,2,0
BRDA:215,15,3,0
BRDA:228,16,0,0
BRDA:228,16,1,0
BRDA:234,17,0,0
BRDA:234,17,1,0
BRDA:234,17,2,0
BRDA:234,17,3,0
BRDA:264,18,0,0
BRDA:264,18,1,0
BRDA:265,19,0,0
BRDA:265,19,1,0
BRDA:270,20,0,0
BRDA:270,20,1,0
BRDA:272,21,0,0
BRDA:272,21,1,0
BRDA:273,22,0,0
BRDA:273,22,1,0
BRDA:274,23,0,0
BRDA:274,23,1,0
BRDA:274,24,0,0
BRDA:274,24,1,0
BRDA:275,25,0,0
BRDA:275,25,1,0
BRDA:277,26,0,0
BRDA:277,26,1,0
BRDA:278,27,0,0
BRDA:278,27,1,0
BRDA:278,27,2,0
BRDA:282,28,0,0
BRDA:282,28,1,0
BRDA:285,29,0,0
BRDA:285,29,1,0
BRDA:289,30,0,0
BRDA:289,30,1,0
BRDA:294,31,0,0
BRDA:294,31,1,0
BRDA:294,31,2,0
BRDA:307,32,0,0
BRDA:307,32,1,0
BRDA:326,33,0,0
BRDA:326,33,1,0
BRDA:329,34,0,0
BRDA:329,34,1,0
BRDA:340,35,0,0
BRDA:340,35,1,0
BRDA:340,36,0,0
BRDA:340,36,1,0
BRDA:352,37,0,0
BRDA:352,37,1,0
BRDA:363,38,0,0
BRDA:363,38,1,0
BRDA:383,39,0,0
BRDA:383,39,1,0
BRDA:419,40,0,0
BRDA:419,40,1,0
BRDA:422,41,0,0
BRDA:422,41,1,0
BRDA:430,42,0,0
BRDA:430,42,1,0
BRDA:430,43,0,0
BRDA:430,43,1,0
BRDA:430,43,2,0
BRDA:432,44,0,0
BRDA:432,44,1,0
BRDA:433,45,0,0
BRDA:433,45,1,0
BRDA:433,45,2,0
BRDA:438,46,0,0
BRDA:438,46,1,0
BRDA:438,47,0,0
BRDA:438,47,1,0
BRDA:451,48,0,0
BRDA:451,48,1,0
BRDA:456,49,0,0
BRDA:456,49,1,0
BRDA:467,50,0,0
BRDA:467,50,1,0
BRDA:483,51,0,0
BRDA:483,51,1,0
BRDA:485,52,0,0
BRDA:485,52,1,0
BRDA:488,53,0,0
BRDA:488,53,1,0
BRDA:488,53,2,0
BRDA:488,53,3,0
BRDA:530,54,0,0
BRDA:530,54,1,0
BRDA:534,55,0,0
BRDA:534,55,1,0
BRDA:538,56,0,0
BRDA:538,56,1,0
BRDA:545,57,0,0
BRDA:545,57,1,0
BRDA:559,58,0,0
BRDA:559,58,1,0
BRDA:562,59,0,0
BRDA:562,59,1,0
BRF:130
BRH:0
end_of_record
TN:
SF:drafts/main.js
FN:7,initGame
FN:15,(anonymous_1)
FN:21,(anonymous_2)
FNF:3
FNH:0
FNDA:0,initGame
FNDA:0,(anonymous_1)
FNDA:0,(anonymous_2)
DA:8,0
DA:9,0
DA:11,0
DA:12,0
DA:15,0
DA:17,0
DA:18,0
DA:21,0
DA:22,0
DA:23,0
LF:10
LH:0
BRDA:7,0,0,0
BRDA:8,1,0,0
BRDA:8,1,1,0
BRF:3
BRH:0
end_of_record
TN:
SF:drafts/node.js
FN:6,(anonymous_0)
FN:24,(anonymous_1)
FN:45,(anonymous_2)
FN:47,(anonymous_3)
FN:56,(anonymous_4)
FN:59,(anonymous_5)
FN:71,(anonymous_6)
FN:92,(anonymous_7)
FN:99,(anonymous_8)
FN:101,(anonymous_9)
FN:101,(anonymous_10)
FNF:11
FNH:0
FNDA:0,(anonymous_0)
FNDA:0,(anonymous_1)
FNDA:0,(anonymous_2)
FNDA:0,(anonymous_3)
FNDA:0,(anonymous_4)
FNDA:0,(anonymous_5)
FNDA:0,(anonymous_6)
FNDA:0,(anonymous_7)
FNDA:0,(anonymous_8)
FNDA:0,(anonymous_9)
FNDA:0,(anonymous_10)
DA:7,0
DA:8,0
DA:9,0
DA:10,0
DA:11,0
DA:13,0
DA:14,0
DA:18,0
DA:19,0
DA:21,0
DA:25,0
DA:26,0
DA:27,0
DA:28,0
DA:29,0
DA:32,0
DA:33,0
DA:34,0
DA:35,0
DA:36,0
DA:39,0
DA:40,0
DA:46,0
DA:48,0
DA:57,0
DA:59,0
DA:62,0
DA:63,0
DA:64,0
DA:66,0
DA:67,0
DA:68,0
DA:69,0
DA:71,0
DA:72,0
DA:73,0
DA:74,0
DA:75,0
DA:76,0
DA:81,0
DA:82,0
DA:83,0
DA:84,0
DA:87,0
DA:88,0
DA:93,0
DA:94,0
DA:95,0
DA:100,0
DA:101,0
DA:102,0
DA:103,0
DA:104,0
DA:105,0
DA:106,0
DA:107,0
LF:56
LH:0
BRDA:6,0,0,0
BRDA:13,1,0,0
BRDA:13,1,1,0
BRDA:15,2,0,0
BRDA:15,2,1,0
BRDA:16,3,0,0
BRDA:16,3,1,0
BRDA:21,4,0,0
BRDA:21,4,1,0
BRDA:72,5,0,0
BRDA:72,5,1,0
BRDA:74,6,0,0
BRDA:74,6,1,0
BRDA:81,7,0,0
BRDA:81,7,1,0
BRF:15
BRH:0
end_of_record
TN:
SF:scripts/ensure-port-8000.js
FN:20,isPortInUse
FN:21,(anonymous_1)
FN:23,(anonymous_2)
FN:24,(anonymous_3)
FN:36,getProcessUsingPort
FN:61,killProcess
FN:79,main
FN:105,(anonymous_7)
FN:118,(anonymous_8)
FNF:9
FNH:0
FNDA:0,isPortInUse
FNDA:0,(anonymous_1)
FNDA:0,(anonymous_2)
FNDA:0,(anonymous_3)
FNDA:0,getProcessUsingPort
FNDA:0,killProcess
FNDA:0,main
FNDA:0,(anonymous_7)
FNDA:0,(anonymous_8)
DA:8,0
DA:9,0
DA:10,0
DA:11,0
DA:13,0
DA:21,0
DA:22,0
DA:23,0
DA:25,0
DA:26,0
DA:37,0
DA:39,0
DA:40,0
DA:42,0
DA:44,0
DA:47,0
DA:48,0
DA:49,0
DA:50,0
DA:52,0
DA:62,0
DA:63,0
DA:64,0
DA:66,0
DA:68,0
DA:69,0
DA:71,0
DA:72,0
DA:80,0
DA:82,0
DA:83,0
DA:84,0
DA:87,0
DA:89,0
DA:91,0
DA:92,0
DA:93,0
DA:96,0
DA:99,0
DA:100,0
DA:105,0
DA:106,0
DA:107,0
DA:108,0
DA:110,0
DA:111,0
DA:113,0
DA:118,0
DA:119,0
DA:120,0
LF:50
LH:0
BRDA:42,0,0,0
BRDA:42,0,1,0
BRDA:50,1,0,0
BRDA:50,1,1,0
BRDA:63,2,0,0
BRDA:63,2,1,0
BRDA:82,3,0,0
BRDA:82,3,1,0
BRDA:91,4,0,0
BRDA:91,4,1,0
BRDA:106,5,0,0
BRDA:106,5,1,0
BRDA:108,6,0,0
BRDA:108,6,1,0
BRF:14
BRH:0
end_of_record
TN:
SF:src/NodeRenderer.ts
FN:18,(anonymous_0)
FN:32,(anonymous_1)
FN:66,(anonymous_2)
FN:69,(anonymous_3)
FN:70,(anonymous_4)
FNF:5
FNH:1
FNDA:3,(anonymous_0)
FNDA:0,(anonymous_1)
FNDA:0,(anonymous_2)
FNDA:0,(anonymous_3)
FNDA:0,(anonymous_4)
DA:34,0
DA:35,0
DA:36,0
DA:37,0
DA:38,0
DA:41,0
DA:42,0
DA:43,0
DA:44,0
DA:45,0
DA:48,0
DA:49,0
DA:67,0
DA:68,0
DA:69,0
DA:71,0
DA:73,0
DA:74,0
DA:75,0
DA:76,0
DA:77,0
DA:78,0
LF:22
LH:0
BRDA:71,0,0,0
BRDA:71,0,1,0
BRF:2
BRH:0
end_of_record
TN:
SF:src/UIRenderer.js
FN:5,(anonymous_0)
FN:27,(anonymous_1)
FN:55,(anonymous_2)
FN:83,(anonymous_3)
FN:98,(anonymous_4)
FN:125,(anonymous_5)
FN:126,(anonymous_6)
FN:134,(anonymous_7)
FN:145,(anonymous_8)
FN:169,(anonymous_9)
FN:179,(anonymous_10)
FN:206,(anonymous_11)
FN:226,(anonymous_12)
FN:236,(anonymous_13)
FN:244,(anonymous_14)
FN:246,(anonymous_15)
FN:253,(anonymous_16)
FN:254,(anonymous_17)
FNF:18
FNH:17
FNDA:12,(anonymous_0)
FNDA:12,(anonymous_1)
FNDA:12,(anonymous_2)
FNDA:36,(anonymous_3)
FNDA:12,(anonymous_4)
FNDA:12,(anonymous_5)
FNDA:0,(anonymous_6)
FNDA:2,(anonymous_7)
FNDA:12,(anonymous_8)
FNDA:12,(anonymous_9)
FNDA:4,(anonymous_10)
FNDA:16,(anonymous_11)
FNDA:5,(anonymous_12)
FNDA:4,(anonymous_13)
FNDA:2,(anonymous_14)
FNDA:2,(anonymous_15)
FNDA:1,(anonymous_16)
FNDA:1,(anonymous_17)
DA:6,12
DA:7,12
DA:8,12
DA:9,12
DA:13,12
DA:17,12
DA:18,12
DA:19,12
DA:20,12
DA:21,12
DA:28,12
DA:29,12
DA:30,12
DA:31,12
DA:46,12
DA:47,12
DA:49,12
DA:56,12
DA:57,12
DA:58,12
DA:59,12
DA:69,12
DA:70,12
DA:71,12
DA:72,0
DA:74,12
DA:77,12
DA:84,36
DA:85,36
DA:86,36
DA:87,36
DA:88,36
DA:89,36
DA:90,36
DA:92,36
DA:99,12
DA:100,12
DA:101,0
DA:104,12
DA:105,12
DA:107,12
DA:108,12
DA:109,12
DA:110,12
DA:112,12
DA:113,12
DA:114,12
DA:115,12
DA:116,12
DA:118,12
DA:119,12
DA:120,12
DA:122,12
DA:126,12
DA:127,0
DA:128,0
DA:129,0
DA:135,2
DA:136,2
DA:137,2
DA:138,2
DA:139,2
DA:146,12
DA:147,12
DA:148,12
DA:149,12
DA:150,12
DA:160,12
DA:161,12
DA:163,12
DA:170,12
DA:180,4
DA:181,4
DA:182,4
DA:183,4
DA:185,4
DA:186,4
DA:187,2
DA:191,4
DA:192,4
DA:194,4
DA:197,4
DA:198,4
DA:199,4
DA:207,16
DA:209,16
DA:210,1
DA:211,1
DA:212,0
DA:217,1
DA:227,5
DA:228,5
DA:229,3
DA:230,3
DA:237,4
DA:245,2
DA:246,2
DA:254,1
DA:255,1
DA:256,1
DA:257,1
DA:258,1
DA:259,1
LF:103
LH:97
BRDA:29,0,0,12
BRDA:29,0,1,12
BRDA:46,1,0,12
BRDA:46,1,1,0
BRDA:57,2,0,12
BRDA:57,2,1,12
BRDA:69,3,0,12
BRDA:69,3,1,0
BRDA:71,4,0,0
BRDA:71,4,1,12
BRDA:71,5,0,12
BRDA:71,5,1,0
BRDA:85,6,0,36
BRDA:85,6,1,33
BRDA:89,7,0,36
BRDA:89,7,1,0
BRDA:100,8,0,0
BRDA:100,8,1,12
BRDA:127,9,0,0
BRDA:127,9,1,0
BRDA:135,10,0,0
BRDA:135,10,1,2
BRDA:147,11,0,12
BRDA:147,11,1,11
BRDA:160,12,0,12
BRDA:160,12,1,0
BRDA:179,13,0,2
BRDA:185,14,0,4
BRDA:185,14,1,0
BRDA:186,15,0,2
BRDA:186,15,1,2
BRDA:186,16,0,4
BRDA:186,16,1,2
BRDA:191,17,0,4
BRDA:191,17,1,0
BRDA:197,18,0,4
BRDA:197,18,1,0
BRDA:209,19,0,1
BRDA:209,19,1,15
BRDA:211,20,0,0
BRDA:211,20,1,1
BRDA:211,21,0,1
BRDA:211,21,1,0
BRDA:227,22,0,5
BRDA:227,22,1,0
BRDA:228,23,0,2
BRDA:228,23,1,3
BRDA:230,24,0,3
BRDA:230,24,1,0
BRDA:255,25,0,1
BRDA:255,25,1,0
BRF:51
BRH:33
end_of_record
TN:
SF:src/config.ts
FN:58,seededRandomGenerator
FN:60,(anonymous_1)
FNF:2
FNH:1
FNDA:2,seededRandomGenerator
FNDA:0,(anonymous_1)
DA:7,1
DA:59,2
DA:60,2
DA:61,0
DA:62,0
DA:65,2
DA:71,2
DA:77,1
LF:8
LH:6
BRF:0
BRH:0
end_of_record
TN:
SF:src/game.js
FN:10,(anonymous_0)
FN:75,(anonymous_1)
FN:128,(anonymous_2)
FN:152,(anonymous_3)
FN:171,(anonymous_4)
FN:177,(anonymous_5)
FN:184,(anonymous_6)
FN:194,(anonymous_7)
FN:212,(anonymous_8)
FN:258,(anonymous_9)
FN:277,(anonymous_10)
FN:290,(anonymous_11)
FN:317,(anonymous_12)
FN:318,(anonymous_13)
FN:337,(anonymous_14)
FN:341,(anonymous_15)
FN:347,(anonymous_16)
FN:349,(anonymous_17)
FN:357,(anonymous_18)
FN:366,(anonymous_19)
FN:385,(anonymous_20)
FN:420,(anonymous_21)
FN:433,(anonymous_22)
FN:462,(anonymous_23)
FN:493,(anonymous_24)
FN:505,(anonymous_25)
FN:518,(anonymous_26)
FN:527,(anonymous_27)
FN:529,(anonymous_28)
FN:533,(anonymous_29)
FN:537,(anonymous_30)
FN:544,(anonymous_31)
FN:546,(anonymous_32)
FN:549,(anonymous_33)
FN:571,(anonymous_34)
FN:575,(anonymous_35)
FN:581,(anonymous_36)
FN:599,(anonymous_37)
FN:603,(anonymous_38)
FN:626,(anonymous_39)
FN:640,(anonymous_40)
FN:643,(anonymous_41)
FN:682,(anonymous_42)
FN:683,(anonymous_43)
FN:725,(anonymous_44)
FN:736,(anonymous_45)
FN:754,(anonymous_46)
FN:757,(anonymous_47)
FN:773,(anonymous_48)
FN:775,(anonymous_49)
FN:789,(anonymous_50)
FN:799,(anonymous_51)
FN:826,(anonymous_52)
FN:836,(anonymous_53)
FN:862,(anonymous_54)
FN:864,(anonymous_55)
FN:867,(anonymous_56)
FN:879,(anonymous_57)
FNF:58
FNH:5
FNDA:3,(anonymous_0)
FNDA:4,(anonymous_1)
FNDA:3,(anonymous_2)
FNDA:0,(anonymous_3)
FNDA:0,(anonymous_4)
FNDA:0,(anonymous_5)
FNDA:0,(anonymous_6)
FNDA:0,(anonymous_7)
FNDA:0,(anonymous_8)
FNDA:0,(anonymous_9)
FNDA:0,(anonymous_10)
FNDA:0,(anonymous_11)
FNDA:0,(anonymous_12)
FNDA:0,(anonymous_13)
FNDA:0,(anonymous_14)
FNDA:0,(anonymous_15)
FNDA:0,(anonymous_16)
FNDA:0,(anonymous_17)
FNDA:0,(anonymous_18)
FNDA:0,(anonymous_19)
FNDA:0,(anonymous_20)
FNDA:0,(anonymous_21)
FNDA:0,(anonymous_22)
FNDA:0,(anonymous_23)
FNDA:0,(anonymous_24)
FNDA:0,(anonymous_25)
FNDA:0,(anonymous_26)
FNDA:4,(anonymous_27)
FNDA:0,(anonymous_28)
FNDA:0,(anonymous_29)
FNDA:0,(anonymous_30)
FNDA:0,(anonymous_31)
FNDA:0,(anonymous_32)
FNDA:0,(anonymous_33)
FNDA:0,(anonymous_34)
FNDA:0,(anonymous_35)
FNDA:0,(anonymous_36)
FNDA:0,(anonymous_37)
FNDA:0,(anonymous_38)
FNDA:0,(anonymous_39)
FNDA:0,(anonymous_40)
FNDA:0,(anonymous_41)
FNDA:0,(anonymous_42)
FNDA:0,(anonymous_43)
FNDA:0,(anonymous_44)
FNDA:0,(anonymous_45)
FNDA:0,(anonymous_46)
FNDA:0,(anonymous_47)
FNDA:0,(anonymous_48)
FNDA:0,(anonymous_49)
FNDA:0,(anonymous_50)
FNDA:0,(anonymous_51)
FNDA:0,(anonymous_52)
FNDA:0,(anonymous_53)
FNDA:0,(anonymous_54)
FNDA:0,(anonymous_55)
FNDA:0,(anonymous_56)
FNDA:2,(anonymous_57)
DA:11,3
DA:12,3
DA:14,3
DA:17,3
DA:18,3
DA:19,3
DA:20,0
DA:21,0
DA:25,0
DA:29,3
DA:30,3
DA:33,3
DA:34,3
DA:37,3
DA:38,3
DA:40,3
DA:41,3
DA:42,3
DA:43,3
DA:44,3
DA:45,3
DA:46,3
DA:47,3
DA:48,3
DA:49,3
DA:50,3
DA:51,3
DA:52,3
DA:53,3
DA:54,3
DA:55,3
DA:58,3
DA:59,3
DA:60,3
DA:63,3
DA:64,3
DA:65,3
DA:68,3
DA:71,3
DA:72,3
DA:76,4
DA:79,4
DA:80,4
DA:83,4
DA:86,4
DA:87,0
DA:88,0
DA:92,4
DA:93,0
DA:94,0
DA:98,4
DA:99,0
DA:100,0
DA:101,0
DA:103,4
DA:104,0
DA:105,0
DA:106,0
DA:110,4
DA:113,4
DA:116,4
DA:117,4
DA:121,4
DA:122,0
DA:125,4
DA:129,3
DA:130,0
DA:131,0
DA:132,0
DA:135,3
DA:136,3
DA:137,3
DA:140,3
DA:141,3
DA:142,3
DA:143,3
DA:146,3
DA:148,3
DA:149,3
DA:153,0
DA:154,0
DA:156,0
DA:157,0
DA:158,0
DA:161,0
DA:162,0
DA:165,0
DA:173,0
DA:176,0
DA:177,0
DA:178,0
DA:183,0
DA:184,0
DA:185,0
DA:196,0
DA:199,0
DA:202,0
DA:205,0
DA:208,0
DA:213,0
DA:215,0
DA:216,0
DA:217,0
DA:220,0
DA:221,0
DA:224,0
DA:225,0
DA:228,0
DA:235,0
DA:238,0
DA:239,0
DA:240,0
DA:243,0
DA:244,0
DA:245,0
DA:252,0
DA:253,0
DA:254,0
DA:255,0
DA:259,0
DA:260,0
DA:261,0
DA:269,0
DA:270,0
DA:273,0
DA:274,0
DA:278,0
DA:282,0
DA:287,0
DA:291,0
DA:292,0
DA:293,0
DA:294,0
DA:296,0
DA:297,0
DA:298,0
DA:306,0
DA:307,0
DA:308,0
DA:309,0
DA:310,0
DA:312,0
DA:313,0
DA:318,0
DA:319,0
DA:320,0
DA:321,0
DA:322,0
DA:323,0
DA:326,0
DA:328,0
DA:329,0
DA:338,0
DA:342,0
DA:343,0
DA:344,0
DA:348,0
DA:350,0
DA:358,0
DA:359,0
DA:360,0
DA:361,0
DA:362,0
DA:363,0
DA:367,0
DA:368,0
DA:369,0
DA:370,0
DA:371,0
DA:372,0
DA:373,0
DA:374,0
DA:375,0
DA:376,0
DA:377,0
DA:379,0
DA:380,0
DA:381,0
DA:382,0
DA:387,0
DA:388,0
DA:389,0
DA:391,0
DA:392,0
DA:393,0
DA:395,0
DA:396,0
DA:400,0
DA:401,0
DA:402,0
DA:405,0
DA:406,0
DA:407,0
DA:412,0
DA:417,0
DA:422,0
DA:423,0
DA:424,0
DA:427,0
DA:428,0
DA:429,0
DA:430,0
DA:435,0
DA:436,0
DA:437,0
DA:440,0
DA:441,0
DA:442,0
DA:443,0
DA:444,0
DA:445,0
DA:447,0
DA:452,0
DA:453,0
DA:455,0
DA:456,0
DA:459,0
DA:464,0
DA:465,0
DA:466,0
DA:467,0
DA:471,0
DA:472,0
DA:473,0
DA:477,0
DA:478,0
DA:479,0
DA:480,0
DA:481,0
DA:485,0
DA:487,0
DA:488,0
DA:495,0
DA:496,0
DA:497,0
DA:500,0
DA:501,0
DA:502,0
DA:503,0
DA:506,0
DA:508,0
DA:510,0
DA:513,0
DA:514,0
DA:517,0
DA:518,0
DA:520,0
DA:521,0
DA:529,4
DA:530,4
DA:534,0
DA:535,0
DA:536,0
DA:537,0
DA:538,0
DA:539,0
DA:545,0
DA:546,0
DA:551,0
DA:552,0
DA:553,0
DA:556,0
DA:557,0
DA:558,0
DA:560,0
DA:561,0
DA:562,0
DA:563,0
DA:567,0
DA:570,0
DA:571,0
DA:577,0
DA:578,0
DA:580,0
DA:581,0
DA:582,0
DA:583,0
DA:586,0
DA:590,0
DA:591,0
DA:593,0
DA:594,0
DA:595,0
DA:600,0
DA:601,0
DA:603,0
DA:604,0
DA:606,0
DA:608,0
DA:609,0
DA:610,0
DA:613,0
DA:614,0
DA:615,0
DA:616,0
DA:619,0
DA:623,0
DA:628,0
DA:631,0
DA:632,0
DA:635,0
DA:636,0
DA:640,0
DA:643,0
DA:646,0
DA:649,0
DA:650,0
DA:651,0
DA:652,0
DA:653,0
DA:660,0
DA:664,0
DA:666,0
DA:667,0
DA:670,0
DA:671,0
DA:672,0
DA:673,0
DA:674,0
DA:677,0
DA:678,0
DA:683,0
DA:684,0
DA:686,0
DA:687,0
DA:689,0
DA:698,0
DA:707,0
DA:708,0
DA:710,0
DA:711,0
DA:712,0
DA:713,0
DA:714,0
DA:715,0
DA:717,0
DA:718,0
DA:719,0
DA:720,0
DA:726,0
DA:729,0
DA:733,0
DA:736,0
DA:737,0
DA:738,0
DA:739,0
DA:744,0
DA:745,0
DA:746,0
DA:747,0
DA:755,0
DA:756,0
DA:757,0
DA:758,0
DA:759,0
DA:763,0
DA:764,0
DA:765,0
DA:769,0
DA:774,0
DA:775,0
DA:776,0
DA:790,0
DA:791,0
DA:792,0
DA:793,0
DA:794,0
DA:795,0
DA:800,0
DA:805,0
DA:807,0
DA:808,0
DA:809,0
DA:811,0
DA:823,0
DA:828,0
DA:833,0
DA:837,0
DA:838,0
DA:840,0
DA:841,0
DA:842,0
DA:843,0
DA:844,0
DA:850,0
DA:853,0
DA:854,0
DA:855,0
DA:856,0
DA:863,0
DA:864,0
DA:866,0
DA:867,0
DA:870,0
DA:871,0
DA:872,0
DA:873,0
DA:874,0
DA:875,0
DA:880,2
DA:881,2
DA:882,2
DA:883,2
DA:886,2
DA:893,2
LF:405
LH:70
BRDA:10,0,0,1
BRDA:10,1,0,3
BRDA:10,2,0,3
BRDA:11,3,0,3
BRDA:11,3,1,1
BRDA:17,4,0,3
BRDA:17,4,1,0
BRDA:19,5,0,0
BRDA:19,5,1,3
BRDA:37,6,0,3
BRDA:37,6,1,3
BRDA:38,7,0,3
BRDA:38,7,1,3
BRDA:86,8,0,0
BRDA:86,8,1,4
BRDA:92,9,0,0
BRDA:92,9,1,4
BRDA:98,10,0,0
BRDA:98,10,1,4
BRDA:103,11,0,0
BRDA:103,11,1,4
BRDA:116,12,0,4
BRDA:116,12,1,0
BRDA:121,13,0,0
BRDA:121,13,1,4
BRDA:129,14,0,0
BRDA:129,14,1,3
BRDA:161,15,0,0
BRDA:161,15,1,0
BRDA:173,16,0,0
BRDA:173,16,1,0
BRDA:173,17,0,0
BRDA:173,17,1,0
BRDA:176,18,0,0
BRDA:176,18,1,0
BRDA:183,19,0,0
BRDA:183,19,1,0
BRDA:194,20,0,0
BRDA:213,21,0,0
BRDA:213,21,1,0
BRDA:243,22,0,0
BRDA:243,22,1,0
BRDA:252,23,0,0
BRDA:252,23,1,0
BRDA:269,24,0,0
BRDA:269,24,1,0
BRDA:290,25,0,0
BRDA:300,26,0,0
BRDA:300,26,1,0
BRDA:300,26,2,0
BRDA:300,26,3,0
BRDA:306,27,0,0
BRDA:306,27,1,0
BRDA:309,28,0,0
BRDA:309,28,1,0
BRDA:319,29,0,0
BRDA:319,29,1,0
BRDA:319,30,0,0
BRDA:319,30,1,0
BRDA:330,31,0,0
BRDA:330,31,1,0
BRDA:360,32,0,0
BRDA:360,32,1,0
BRDA:363,33,0,0
BRDA:363,33,1,0
BRDA:363,33,2,0
BRDA:363,33,3,0
BRDA:376,34,0,0
BRDA:376,34,1,0
BRDA:382,35,0,0
BRDA:382,35,1,0
BRDA:382,35,2,0
BRDA:382,35,3,0
BRDA:387,36,0,0
BRDA:387,36,1,0
BRDA:391,37,0,0
BRDA:391,37,1,0
BRDA:395,38,0,0
BRDA:395,38,1,0
BRDA:422,39,0,0
BRDA:422,39,1,0
BRDA:428,40,0,0
BRDA:428,40,1,0
BRDA:429,41,0,0
BRDA:429,41,1,0
BRDA:435,42,0,0
BRDA:435,42,1,0
BRDA:440,43,0,0
BRDA:440,43,1,0
BRDA:441,44,0,0
BRDA:441,44,1,0
BRDA:443,45,0,0
BRDA:443,45,1,0
BRDA:444,46,0,0
BRDA:444,46,1,0
BRDA:447,47,0,0
BRDA:447,47,1,0
BRDA:448,48,0,0
BRDA:448,48,1,0
BRDA:448,48,2,0
BRDA:452,49,0,0
BRDA:452,49,1,0
BRDA:455,50,0,0
BRDA:455,50,1,0
BRDA:459,51,0,0
BRDA:459,51,1,0
BRDA:464,52,0,0
BRDA:464,52,1,0
BRDA:464,53,0,0
BRDA:464,53,1,0
BRDA:464,53,2,0
BRDA:471,54,0,0
BRDA:471,54,1,0
BRDA:477,55,0,0
BRDA:477,55,1,0
BRDA:480,56,0,0
BRDA:480,56,1,0
BRDA:485,57,0,0
BRDA:495,58,0,0
BRDA:495,58,1,0
BRDA:501,59,0,0
BRDA:501,59,1,0
BRDA:502,60,0,0
BRDA:502,60,1,0
BRDA:508,61,0,0
BRDA:508,61,1,0
BRDA:520,62,0,0
BRDA:520,62,1,0
BRDA:535,63,0,0
BRDA:535,63,1,0
BRDA:538,64,0,0
BRDA:538,64,1,0
BRDA:551,65,0,0
BRDA:551,65,1,0
BRDA:556,66,0,0
BRDA:556,66,1,0
BRDA:560,67,0,0
BRDA:560,67,1,0
BRDA:560,68,0,0
BRDA:560,68,1,0
BRDA:570,69,0,0
BRDA:570,69,1,0
BRDA:582,70,0,0
BRDA:582,70,1,0
BRDA:604,71,0,0
BRDA:604,71,1,0
BRDA:606,72,0,0
BRDA:606,72,1,0
BRDA:613,73,0,0
BRDA:613,73,1,0
BRDA:635,74,0,0
BRDA:635,74,1,0
BRDA:649,75,0,0
BRDA:649,75,1,0
BRDA:664,76,0,0
BRDA:664,76,1,0
BRDA:684,77,0,0
BRDA:684,77,1,0
BRDA:726,78,0,0
BRDA:726,78,1,0
BRDA:729,79,0,0
BRDA:729,79,1,0
BRDA:737,80,0,0
BRDA:737,80,1,0
BRDA:737,81,0,0
BRDA:737,81,1,0
BRDA:737,81,2,0
BRDA:739,82,0,0
BRDA:739,82,1,0
BRDA:740,83,0,0
BRDA:740,83,1,0
BRDA:740,83,2,0
BRDA:745,84,0,0
BRDA:745,84,1,0
BRDA:745,85,0,0
BRDA:745,85,1,0
BRDA:758,86,0,0
BRDA:758,86,1,0
BRDA:763,87,0,0
BRDA:763,87,1,0
BRDA:774,88,0,0
BRDA:774,88,1,0
BRDA:790,89,0,0
BRDA:790,89,1,0
BRDA:792,90,0,0
BRDA:792,90,1,0
BRDA:795,91,0,0
BRDA:795,91,1,0
BRDA:795,91,2,0
BRDA:795,91,3,0
BRDA:837,92,0,0
BRDA:837,92,1,0
BRDA:841,93,0,0
BRDA:841,93,1,0
BRDA:845,94,0,0
BRDA:845,94,1,0
BRDA:854,95,0,0
BRDA:854,95,1,0
BRDA:870,96,0,0
BRDA:870,96,1,0
BRDA:873,97,0,0
BRDA:873,97,1,0
BRDA:881,98,0,2
BRDA:881,98,1,0
BRDA:881,99,0,2
BRDA:881,99,1,2
BRDA:881,99,2,2
BRDA:883,100,0,2
BRDA:883,100,1,0
BRF:209
BRH:23
end_of_record
TN:
SF:src/node.ts
FN:51,(anonymous_0)
FN:81,(anonymous_1)
FN:83,(anonymous_2)
FN:101,(anonymous_3)
FN:107,(anonymous_4)
FN:117,(anonymous_5)
FN:146,(anonymous_6)
FN:158,(anonymous_7)
FN:169,(anonymous_8)
FNF:9
FNH:0
FNDA:0,(anonymous_0)
FNDA:0,(anonymous_1)
FNDA:0,(anonymous_2)
FNDA:0,(anonymous_3)
FNDA:0,(anonymous_4)
FNDA:0,(anonymous_5)
FNDA:0,(anonymous_6)
FNDA:0,(anonymous_7)
FNDA:0,(anonymous_8)
DA:52,0
DA:53,0
DA:54,0
DA:55,0
DA:56,0
DA:57,0
DA:58,0
DA:59,0
DA:64,0
DA:65,0
DA:67,0
DA:68,0
DA:82,0
DA:84,0
DA:102,0
DA:104,0
DA:107,0
DA:110,0
DA:111,0
DA:113,0
DA:114,0
DA:115,0
DA:117,0
DA:118,0
DA:119,0
DA:120,0
DA:121,0
DA:122,0
DA:127,0
DA:128,0
DA:129,0
DA:130,0
DA:134,0
DA:135,0
DA:147,0
DA:148,0
DA:149,0
DA:159,0
DA:170,0
DA:171,0
DA:172,0
LF:41
LH:0
BRDA:51,0,0,0
BRDA:51,1,0,0
BRDA:58,2,0,0
BRDA:58,2,1,0
BRDA:59,3,0,0
BRDA:59,3,1,0
BRDA:61,4,0,0
BRDA:61,4,1,0
BRDA:67,5,0,0
BRDA:67,5,1,0
BRDA:102,6,0,0
BRDA:102,6,1,0
BRDA:118,7,0,0
BRDA:118,7,1,0
BRDA:120,8,0,0
BRDA:120,8,1,0
BRDA:127,9,0,0
BRDA:127,9,1,0
BRF:18
BRH:0
end_of_record
TN:
SF:src/wall.ts
FN:33,(anonymous_0)
FN:46,(anonymous_1)
FN:67,(anonymous_2)
FN:88,(anonymous_3)
FN:113,(anonymous_4)
FN:162,(anonymous_5)
FN:207,(anonymous_6)
FNF:7
FNH:0
FNDA:0,(anonymous_0)
FNDA:0,(anonymous_1)
FNDA:0,(anonymous_2)
FNDA:0,(anonymous_3)
FNDA:0,(anonymous_4)
FNDA:0,(anonymous_5)
FNDA:0,(anonymous_6)
DA:34,0
DA:35,0
DA:36,0
DA:37,0
DA:38,0
DA:47,0
DA:48,0
DA:49,0
DA:50,0
DA:51,0
DA:52,0
DA:68,0
DA:69,0
DA:70,0
DA:72,0
DA:73,0
DA:75,0
DA:77,0
DA:78,0
DA:89,0
DA:91,0
DA:92,0
DA:93,0
DA:94,0
DA:95,0
DA:96,0
DA:97,0
DA:114,0
DA:117,0
DA:118,0
DA:121,0
DA:122,0
DA:137,0
DA:138,0
DA:139,0
DA:140,0
DA:144,0
DA:148,0
DA:163,0
DA:164,0
DA:165,0
DA:166,0
DA:168,0
DA:169,0
DA:170,0
DA:172,0
DA:173,0
DA:178,0
DA:179,0
DA:180,0
DA:181,0
DA:182,0
DA:183,0
DA:185,0
DA:186,0
DA:189,0
DA:190,0
DA:191,0
DA:211,0
DA:212,0
DA:214,0
DA:215,0
DA:217,0
LF:63
LH:0
BRDA:34,0,0,0
BRDA:34,0,1,0
BRDA:70,1,0,0
BRDA:70,1,1,0
BRDA:77,2,0,0
BRDA:77,2,1,0
BRDA:89,3,0,0
BRDA:89,3,1,0
BRDA:114,4,0,0
BRDA:114,4,1,0
BRDA:121,5,0,0
BRDA:121,5,1,0
BRDA:140,6,0,0
BRDA:140,6,1,0
BRDA:172,7,0,0
BRDA:172,7,1,0
BRDA:178,8,0,0
BRDA:178,8,1,0
BRDA:181,9,0,0
BRDA:181,9,1,0
BRDA:212,10,0,0
BRDA:212,10,1,0
BRDA:217,11,0,0
BRDA:217,11,1,0
BRDA:217,11,2,0
BRDA:217,11,3,0
BRF:26
BRH:0
end_of_record
